S:\Programming\SWGANH\loginserviceAPITest\Debug\LoginService.pdb
S:\Programming\SWGANH\loginserviceAPITest\LoginService\Debug\cl.command.1.tlog
S:\Programming\SWGANH\loginserviceAPITest\LoginService\Debug\CL.read.1.tlog
S:\Programming\SWGANH\loginserviceAPITest\LoginService\Debug\CL.write.1.tlog
S:\Programming\SWGANH\loginserviceAPITest\LoginService\Debug\link.command.1.tlog
S:\Programming\SWGANH\loginserviceAPITest\LoginService\Debug\link.read.1.tlog
S:\Programming\SWGANH\loginserviceAPITest\LoginService\Debug\link.write.1.tlog
S:\Programming\SWGANH\loginserviceAPITest\LoginService\Debug\link-cvtres.read.1.tlog
S:\Programming\SWGANH\loginserviceAPITest\LoginService\Debug\link-cvtres.write.1.tlog
S:\Programming\SWGANH\loginserviceAPITest\LoginService\Debug\LoginService.exe.embed.manifest
S:\PROGRAMMING\SWGANH\LOGINSERVICEAPITEST\LOGINSERVICE\DEBUG\LOGINSERVICE.EXE.EMBED.MANIFEST.RES
S:\Programming\SWGANH\loginserviceAPITest\LoginService\Debug\LoginService.exe.intermediate.manifest
S:\Programming\SWGANH\loginserviceAPITest\LoginService\Debug\LoginService.write.1.tlog
S:\Programming\SWGANH\loginserviceAPITest\LoginService\Debug\LoginService_manifest.rc
S:\PROGRAMMING\SWGANH\LOGINSERVICEAPITEST\LOGINSERVICE\DEBUG\MAIN.OBJ
S:\Programming\SWGANH\loginserviceAPITest\LoginService\Debug\rc.command.1.tlog
S:\Programming\SWGANH\loginserviceAPITest\LoginService\Debug\rc.read.1.tlog
S:\Programming\SWGANH\loginserviceAPITest\LoginService\Debug\rc.write.1.tlog
S:\Programming\SWGANH\loginserviceAPITest\LoginService\Debug\vc100.idb
S:\PROGRAMMING\SWGANH\LOGINSERVICEAPITEST\LOGINSERVICE\DEBUG\VC100.PDB
