Build started 10/12/2010 11:08:11 PM.
     1>Project "S:\Programming\SWGANH\loginserviceAPITest\LoginService\LoginService.vcxproj" on node 3 (rebuild target(s)).
     1>_PrepareForClean:
         Deleting file "Debug\LoginService.lastbuildstate".
       InitializeBuildStatus:
         Touching "Debug\LoginService.unsuccessfulbuild".
       ClCompile:
         S:\Program Files (x86)\Microsoft Visual Studio 10.0\VC\bin\CL.exe /c /Is:\Programming\SWGANH\server_directory /Is:\Programming\SWGANH\server_directory\server_directory /IS:\Programming\SWGANH\libanh\deps\boost\boost /IS:\Programming\SWGANH\libanh\deps\boost\ /IS:\Programming\SWGANH\loginserviceAPITest\deps\glog\src\windows /IS:\Programming\SWGANH\libanh\deps /IS:\Programming\SWGANH\libanh\deps\gtest\include /IS:\Programming\SWGANH\libanh\deps\tbb\include\ /IS:\Programming\SWGANH\loginserviceAPITest\loginserviceTest /ZI /nologo /W3 /WX- /Od /Oy- /D WIN32 /D _DEBUG /D _CONSOLE /D _UNICODE /D UNICODE /Gm /EHsc /RTC1 /MDd /GS /fp:precise /Zc:wchar_t /Zc:forScope /Fo"Debug\\" /Fd"Debug\vc100.pdb" /Gd /TP /analyze- /errorReport:prompt main.cc
         main.cc
       ManifestResourceCompile:
         S:\Program Files (x86)\Microsoft SDKs\Windows\v7.0A\bin\rc.exe /nologo /fo"Debug\LoginService.exe.embed.manifest.res" Debug\LoginService_manifest.rc 
       Link:
         S:\Program Files (x86)\Microsoft Visual Studio 10.0\VC\bin\link.exe /ERRORREPORT:PROMPT /OUT:"S:\Programming\SWGANH\loginserviceAPITest\Debug\LoginService.exe" /INCREMENTAL /NOLOGO /LIBPATH:"F:\master deps\glog\Debug" /LIBPATH:"F:\master deps\boost_1_44_0\stage\lib" /LIBPATH:"F:\master deps\boost_1_44_0\\" /LIBPATH:"F:\master deps\gtest\include\\" /LIBPATH:"F:\master deps\gmock\include" /LIBPATH:"F:\master deps\glog\src\windows" /LIBPATH:S:\Programming\SWGANH\libanh\msvc\Debug /LIBPATH:S:\Programming\SWGANH\libanh\deps\gmock\msvc\Debug /LIBPATH:"S:\Programming\SWGANH\libanh\deps\gtest\msvc\gtest-md\Debug" /LIBPATH:S:\Programming\SWGANH\libanh\deps\tbb\lib\ia32\vc10\ /LIBPATH:S:\Programming\SWGANH\libanh\deps\boost\stage\lib /LIBPATH:S:\Programming\SWGANH\loginserviceAPITest\Debug LoginServiceLib.lib gtestd.lib gmock.lib libanh.lib libglog.lib kernel32.lib user32.lib gdi32.lib winspool.lib comdlg32.lib advapi32.lib shell32.lib ole32.lib oleaut32.lib uuid.lib odbc32.lib odbccp32.lib /MANIFEST /ManifestFile:"Debug\LoginService.exe.intermediate.manifest" /MANIFESTUAC:"level='asInvoker' uiAccess='false'" /DEBUG /PDB:"S:\Programming\SWGANH\loginserviceAPITest\Debug\LoginService.pdb" /SUBSYSTEM:CONSOLE /TLBID:1 /DYNAMICBASE /NXCOMPAT /IMPLIB:"S:\Programming\SWGANH\loginserviceAPITest\Debug\LoginService.lib" /MACHINE:X86 Debug\LoginService.exe.embed.manifest.res
         Debug\main.obj
       Manifest:
         Deleting file "Debug\LoginService.exe.embed.manifest".
         S:\Program Files (x86)\Microsoft SDKs\Windows\v7.0A\bin\mt.exe /nologo /verbose /out:"Debug\LoginService.exe.embed.manifest" /manifest Debug\LoginService.exe.intermediate.manifest
         S:\Program Files (x86)\Microsoft SDKs\Windows\v7.0A\bin\rc.exe /nologo /fo"Debug\LoginService.exe.embed.manifest.res" Debug\LoginService_manifest.rc 
       LinkEmbedManifest:
         S:\Program Files (x86)\Microsoft Visual Studio 10.0\VC\bin\link.exe /ERRORREPORT:PROMPT /OUT:"S:\Programming\SWGANH\loginserviceAPITest\Debug\LoginService.exe" /INCREMENTAL /NOLOGO /LIBPATH:"F:\master deps\glog\Debug" /LIBPATH:"F:\master deps\boost_1_44_0\stage\lib" /LIBPATH:"F:\master deps\boost_1_44_0\\" /LIBPATH:"F:\master deps\gtest\include\\" /LIBPATH:"F:\master deps\gmock\include" /LIBPATH:"F:\master deps\glog\src\windows" /LIBPATH:S:\Programming\SWGANH\libanh\msvc\Debug /LIBPATH:S:\Programming\SWGANH\libanh\deps\gmock\msvc\Debug /LIBPATH:"S:\Programming\SWGANH\libanh\deps\gtest\msvc\gtest-md\Debug" /LIBPATH:S:\Programming\SWGANH\libanh\deps\tbb\lib\ia32\vc10\ /LIBPATH:S:\Programming\SWGANH\libanh\deps\boost\stage\lib /LIBPATH:S:\Programming\SWGANH\loginserviceAPITest\Debug LoginServiceLib.lib gtestd.lib gmock.lib libanh.lib libglog.lib kernel32.lib user32.lib gdi32.lib winspool.lib comdlg32.lib advapi32.lib shell32.lib ole32.lib oleaut32.lib uuid.lib odbc32.lib odbccp32.lib /MANIFEST /ManifestFile:"Debug\LoginService.exe.intermediate.manifest" /MANIFESTUAC:"level='asInvoker' uiAccess='false'" /DEBUG /PDB:"S:\Programming\SWGANH\loginserviceAPITest\Debug\LoginService.pdb" /SUBSYSTEM:CONSOLE /TLBID:1 /DYNAMICBASE /NXCOMPAT /IMPLIB:"S:\Programming\SWGANH\loginserviceAPITest\Debug\LoginService.lib" /MACHINE:X86 Debug\LoginService.exe.embed.manifest.res
         Debug\main.obj
         LoginService.vcxproj -> S:\Programming\SWGANH\loginserviceAPITest\Debug\LoginService.exe
       FinalizeBuildStatus:
         Deleting file "Debug\LoginService.unsuccessfulbuild".
         Touching "Debug\LoginService.lastbuildstate".
     1>Done Building Project "S:\Programming\SWGANH\loginserviceAPITest\LoginService\LoginService.vcxproj" (rebuild target(s)).

Build succeeded.

Time Elapsed 00:00:02.24
